2018-12-10 12:15:25 INFO  [main]: Были добавлены 3 записи. Размер массива = 3
2018-12-10 12:15:25 INFO  [main]: Поиск записи по ФИО: 
repositories.PRepository@394e1a0f
2018-12-10 12:15:25 INFO  [main]: Поиск записи по дате рождения: 
repositories.PRepository@64f6106c
2018-12-10 12:15:25 INFO  [main]: Сортировка данных по ФИО
2018-12-10 12:15:25 INFO  [main]: Сортировка данных по возрасту
2018-12-10 17:35:34 INFO  [main]: Были добавлены 3 записи. Размер массива = 3
2018-12-10 17:35:34 INFO  [main]: Поиск записи по ФИО: 
repositories.PRepository@394e1a0f
2018-12-10 17:35:34 INFO  [main]: Поиск записи по дате рождения: 
repositories.PRepository@64f6106c
2018-12-10 17:35:34 INFO  [main]: Сортировка данных по ФИО
2018-12-10 17:35:34 INFO  [main]: Сортировка данных по возрасту
2018-12-10 18:04:28 INFO  [main]: Были добавлены 3 записи. Размер массива = 3
2018-12-10 18:04:28 INFO  [main]: Поиск записи по ФИО: 
PRepository{person=[]}
2018-12-10 18:04:28 INFO  [main]: Поиск записи по дате рождения: 
PRepository{person=[]}
2018-12-10 18:04:55 INFO  [main]: Были добавлены 3 записи. Размер массива = 3
2018-12-10 18:04:55 INFO  [main]: Поиск записи по ФИО: 
repositories.PRepository@1d29cf23
2018-12-10 18:04:55 INFO  [main]: Поиск записи по дате рождения: 
repositories.PRepository@7a30d1e6
2018-12-10 18:05:10 INFO  [main]: Были добавлены 3 записи. Размер массива = 3
2018-12-10 18:05:10 INFO  [main]: Поиск записи по ФИО: 
repositories.PRepository@1d29cf23
2018-12-10 18:05:11 INFO  [main]: Поиск записи по дате рождения: 
repositories.PRepository@7a30d1e6
2018-12-10 18:07:51 INFO  [main]: Были добавлены 3 записи. Размер массива = 3
2018-12-10 18:07:51 INFO  [main]: Поиск записи по ФИО: 
repositories.PRepository@1d29cf23
2018-12-10 18:07:51 INFO  [main]: Поиск записи по дате рождения: 
repositories.PRepository@7a30d1e6
2018-12-10 18:08:32 INFO  [main]: Были добавлены 3 записи. Размер массива = 3
2018-12-10 18:08:32 INFO  [main]: Поиск записи по ФИО: 
repositories.PRepository@1d29cf23
2018-12-10 18:08:32 INFO  [main]: Поиск записи по дате рождения: 
repositories.PRepository@7a30d1e6
2018-12-10 18:08:56 INFO  [main]: Были добавлены 3 записи. Размер массива = 3
2018-12-10 18:08:56 INFO  [main]: Поиск записи по ФИО: 
repositories.PRepository@1d29cf23
2018-12-10 18:08:56 INFO  [main]: Поиск записи по дате рождения: 
repositories.PRepository@7a30d1e6
2018-12-10 18:16:25 INFO  [main]: Были добавлены 3 записи. Размер массива = 3
2018-12-10 18:16:25 INFO  [main]: Поиск записи по ФИО: 
repositories.PRepository@1d29cf23
2018-12-10 18:16:25 INFO  [main]: Поиск записи по дате рождения: 
repositories.PRepository@7a30d1e6
2018-12-15 14:32:23 INFO  [main]: Были добавлены 3 записи. Размер массива = 3
2018-12-15 14:32:23 INFO  [main]: Поиск записи по ФИО: 
repositories.PRepository@1d29cf23
2018-12-15 14:32:23 INFO  [main]: Поиск записи по дате рождения: 
repositories.PRepository@7a30d1e6
2018-12-15 14:39:41 INFO  [main]: Были добавлены 3 записи. Размер массива = 3
2018-12-15 14:39:41 INFO  [main]: Поиск записи по ФИО: 
repositories.PRepository@1d29cf23
2018-12-15 14:39:41 INFO  [main]: Поиск записи по дате рождения: 
repositories.PRepository@7a30d1e6
2018-12-15 14:44:42 INFO  [main]: Были добавлены 3 записи. Размер массива = 3
2018-12-15 14:44:42 INFO  [main]: Поиск записи по ФИО: 
repositories.PRepository@1d29cf23
2018-12-15 14:44:42 INFO  [main]: Поиск записи по дате рождения: 
repositories.PRepository@7a30d1e6
2018-12-15 14:47:12 ERROR [main]: java.lang.NullPointerException
2018-12-15 14:47:12 ERROR [main]: java.lang.NullPointerException
2018-12-15 14:47:12 ERROR [main]: java.lang.NullPointerException
2018-12-15 14:47:22 INFO  [main]: Были добавлены 3 записи. Размер массива = 3
2018-12-15 14:47:22 INFO  [main]: Поиск записи по ФИО: 
repositories.PRepository@1d29cf23
2018-12-15 14:47:23 INFO  [main]: Поиск записи по дате рождения: 
repositories.PRepository@7a30d1e6
2018-12-15 14:49:20 INFO  [main]: Были добавлены 3 записи. Размер массива = 3
2018-12-15 14:49:20 INFO  [main]: Поиск записи по ФИО: 
repositories.PRepository@1d29cf23
2018-12-15 14:49:20 INFO  [main]: Поиск записи по дате рождения: 
repositories.PRepository@7a30d1e6
2018-12-15 19:12:32 INFO  [main]: Были добавлены 3 записи. Размер массива = 3
2018-12-15 19:12:32 INFO  [main]: Поиск записи по ФИО: 
repositories.PRepository@1d29cf23
2018-12-15 19:12:32 INFO  [main]: Поиск записи по дате рождения: 
repositories.PRepository@7a30d1e6
2018-12-15 19:13:07 INFO  [main]: Были добавлены 3 записи. Размер массива = 3
2018-12-15 19:13:07 INFO  [main]: Поиск записи по ФИО: 
repositories.PRepository@1d29cf23
2018-12-15 19:13:07 INFO  [main]: Поиск записи по дате рождения: 
repositories.PRepository@7a30d1e6
2018-12-15 19:27:15 INFO  [main]: Были добавлены 3 записи. Размер массива = 3
2018-12-15 19:27:15 INFO  [main]: Поиск записи по ФИО: 
repositories.PRepository@1d29cf23
2018-12-15 19:27:15 INFO  [main]: Поиск записи по дате рождения: 
repositories.PRepository@7a30d1e6
2018-12-15 19:29:02 INFO  [main]: Были добавлены 3 записи. Размер массива = 3
2018-12-15 19:29:02 INFO  [main]: Поиск записи по ФИО: 
repositories.PRepository@1d29cf23
2018-12-15 19:29:02 INFO  [main]: Поиск записи по дате рождения: 
repositories.PRepository@7a30d1e6
2018-12-15 19:36:08 INFO  [main]: Были добавлены 3 записи. Размер массива = 3
2018-12-15 19:36:08 INFO  [main]: Поиск записи по ФИО: 
repositories.PRepository@1d29cf23
2018-12-15 19:36:08 INFO  [main]: Поиск записи по дате рождения: 
repositories.PRepository@7a30d1e6
2018-12-15 19:36:29 INFO  [main]: Были добавлены 3 записи. Размер массива = 3
2018-12-15 19:36:29 INFO  [main]: Поиск записи по ФИО: 
repositories.PRepository@1d29cf23
2018-12-15 19:36:29 INFO  [main]: Поиск записи по дате рождения: 
repositories.PRepository@7a30d1e6
2018-12-15 19:36:52 INFO  [main]: Были добавлены 3 записи. Размер массива = 3
2018-12-15 19:36:52 INFO  [main]: Поиск записи по ФИО: 
repositories.PRepository@1d29cf23
2018-12-15 19:36:52 INFO  [main]: Поиск записи по дате рождения: 
repositories.PRepository@7a30d1e6
2018-12-15 19:37:44 INFO  [main]: Были добавлены 3 записи. Размер массива = 3
2018-12-15 19:37:44 INFO  [main]: Поиск записи по ФИО: 
repositories.PRepository@1d29cf23
2018-12-15 19:37:44 INFO  [main]: Поиск записи по дате рождения: 
repositories.PRepository@7a30d1e6
2018-12-15 19:38:17 INFO  [main]: Были добавлены 3 записи. Размер массива = 3
2018-12-15 19:38:17 INFO  [main]: Поиск записи по ФИО: 
repositories.PRepository@1d29cf23
2018-12-15 19:38:17 INFO  [main]: Поиск записи по дате рождения: 
repositories.PRepository@7a30d1e6
2018-12-15 19:41:29 INFO  [main]: Были добавлены 3 записи. Размер массива = 3
2018-12-15 19:41:29 INFO  [main]: Поиск записи по ФИО: 
repositories.PRepository@1e965684
2018-12-15 19:41:29 INFO  [main]: Поиск записи по дате рождения: 
repositories.PRepository@8e24743
2018-12-15 19:46:41 INFO  [main]: Были добавлены 3 записи. Размер массива = 3
2018-12-15 19:46:41 INFO  [main]: Поиск записи по ФИО: 
repositories.PRepository@1e965684
2018-12-15 19:46:42 INFO  [main]: Поиск записи по дате рождения: 
repositories.PRepository@8e24743
2018-12-15 19:47:16 INFO  [main]: Были добавлены 3 записи. Размер массива = 3
2018-12-15 19:48:24 INFO  [main]: Были добавлены 3 записи. Размер массива = 3
2018-12-15 19:48:48 INFO  [main]: Были добавлены 3 записи. Размер массива = 3
2018-12-15 20:07:27 INFO  [main]: Были добавлены 3 записи. Размер массива = 3
2018-12-15 20:10:17 INFO  [main]: Были добавлены 3 записи. Размер массива = 3
2018-12-15 20:16:52 INFO  [main]: Были добавлены 3 записи. Размер массива = 3
2018-12-15 20:17:47 INFO  [main]: Были добавлены 3 записи. Размер массива = 3
2018-12-15 20:18:35 INFO  [main]: Были добавлены 3 записи. Размер массива = 3
2018-12-15 20:19:29 INFO  [main]: Были добавлены 3 записи. Размер массива = 3
2018-12-15 20:21:44 INFO  [main]: Были добавлены 3 записи. Размер массива = 3
2018-12-15 20:25:40 INFO  [main]: Были добавлены 3 записи. Размер массива = 3
2018-12-15 20:28:32 INFO  [main]: Были добавлены 3 записи. Размер массива = 3
2018-12-15 20:29:07 INFO  [main]: Были добавлены 3 записи. Размер массива = 3
2018-12-15 20:29:07 INFO  [main]: Поиск записи по ФИО: 
repositories.PRepository@1e965684
2018-12-15 20:29:07 INFO  [main]: Поиск записи по дате рождения: 
repositories.PRepository@8e24743
2018-12-15 20:35:25 INFO  [main]: Были добавлены 3 записи. Размер массива = 3
2018-12-15 20:35:25 INFO  [main]: Поиск записи по ФИО: 
PRepository{person=[]}
2018-12-15 20:35:25 INFO  [main]: Поиск записи по дате рождения: 
PRepository{person=[]}
2018-12-15 20:43:36 INFO  [main]: Были добавлены 3 записи. Размер массива = 3
2018-12-15 20:43:36 INFO  [main]: Поиск записи по ФИО: 
person=[]}
2018-12-15 20:43:36 INFO  [main]: Поиск записи по дате рождения: 
person=[]}
2018-12-15 20:43:48 INFO  [main]: Были добавлены 3 записи. Размер массива = 3
2018-12-15 20:43:48 INFO  [main]: Поиск записи по ФИО: 
repositories.PRepository@5f282abb
2018-12-15 20:43:48 INFO  [main]: Поиск записи по дате рождения: 
repositories.PRepository@5891e32e
2018-12-15 20:47:08 INFO  [main]: Были добавлены 3 записи. Размер массива = 3
2018-12-15 20:47:09 INFO  [main]: Поиск записи по ФИО: 
Person id=[]

2018-12-15 20:47:09 INFO  [main]: Поиск записи по дате рождения: 
Person id=[]

2018-12-15 20:47:50 INFO  [main]: Были добавлены 3 записи. Размер массива = 3
2018-12-15 20:47:50 INFO  [main]: Поиск записи по ФИО: 
Person id=[Lentities.Person;@5f282abb

2018-12-15 20:47:50 INFO  [main]: Поиск записи по дате рождения: 
Person id=[Lentities.Person;@5891e32e

2018-12-15 20:48:30 INFO  [main]: Были добавлены 3 записи. Размер массива = 3
2018-12-15 20:48:30 INFO  [main]: Поиск записи по ФИО: 
Person [Lentities.Person;@5f282abb

2018-12-15 20:48:30 INFO  [main]: Поиск записи по дате рождения: 
Person [Lentities.Person;@5891e32e

2018-12-15 20:51:47 INFO  [main]: Были добавлены 3 записи. Размер массива = 3
2018-12-15 20:51:47 INFO  [main]: Поиск записи по ФИО: 
repositories.PRepository@5f282abb
2018-12-15 20:51:47 INFO  [main]: Поиск записи по дате рождения: 
repositories.PRepository@5891e32e
2018-12-15 21:05:59 INFO  [main]: Поиск записи по ФИО: 
PRepository{person=[Person id=1, lastname='Иванов', firstname='Иван', middlename='Иванович', gender='мужской', birthDay=1960-12-14', age=58
, Person id=2, lastname='Петров', firstname='Петр', middlename='Петрович', gender='мужской', birthDay=1987-10-08', age=31
, Person id=3, lastname='Виноградова', firstname='Мария', middlename='Александровна', gender='женский', birthDay=1999-03-30', age=19
]}
2018-12-15 21:05:59 INFO  [main]: Поиск записи по дате рождения: 
PRepository{person=[Person id=1, lastname='Иванов', firstname='Иван', middlename='Иванович', gender='мужской', birthDay=1960-12-14', age=58
, Person id=2, lastname='Петров', firstname='Петр', middlename='Петрович', gender='мужской', birthDay=1987-10-08', age=31
, Person id=3, lastname='Виноградова', firstname='Мария', middlename='Александровна', gender='женский', birthDay=1999-03-30', age=19
]}
2018-12-15 21:07:20 INFO  [main]: Поиск записи по ФИО: 
PRepository{person=[Lentities.Person;@5a1c0542}
2018-12-15 21:07:20 INFO  [main]: Поиск записи по дате рождения: 
PRepository{person=[Lentities.Person;@5891e32e}
2018-12-15 21:07:45 INFO  [main]: Поиск записи по ФИО: 
PRepository{person=[Lentities.Person;@5a1c0542}
2018-12-15 21:07:46 INFO  [main]: Поиск записи по дате рождения: 
PRepository{person=[Lentities.Person;@5891e32e}
2018-12-15 21:08:01 INFO  [main]: Поиск записи по ФИО: 
repositories.PRepository@5a1c0542
2018-12-15 21:08:02 INFO  [main]: Поиск записи по дате рождения: 
repositories.PRepository@5891e32e
2018-12-15 21:09:18 INFO  [main]: Поиск записи по ФИО: 
PRepository{}
2018-12-15 21:09:18 INFO  [main]: Поиск записи по дате рождения: 
PRepository{}
2018-12-15 21:20:11 INFO  [main]: Поиск записи по ФИО: 
id = [Person id=1, lastname='Иванов', firstname='Иван', middlename='Иванович', gender='мужской', birthDay=1960-12-14', age=58
, Person id=2, lastname='Петров', firstname='Петр', middlename='Петрович', gender='мужской', birthDay=1987-10-08', age=31
, Person id=3, lastname='Виноградова', firstname='Мария', middlename='Александровна', gender='женский', birthDay=1999-03-30', age=19
]
2018-12-15 21:20:11 INFO  [main]: Поиск записи по дате рождения: 
id = [Person id=1, lastname='Иванов', firstname='Иван', middlename='Иванович', gender='мужской', birthDay=1960-12-14', age=58
, Person id=2, lastname='Петров', firstname='Петр', middlename='Петрович', gender='мужской', birthDay=1987-10-08', age=31
, Person id=3, lastname='Виноградова', firstname='Мария', middlename='Александровна', gender='женский', birthDay=1999-03-30', age=19
]
2018-12-15 21:22:25 INFO  [main]: Поиск записи по ФИО: 
repositories.PRepository@5a1c0542
2018-12-15 21:22:25 INFO  [main]: Поиск записи по дате рождения: 
repositories.PRepository@5891e32e
2018-12-17 18:46:37 INFO  [main]: Поиск записи по ФИО: 
repositories.PRepository@75a1cd57
2018-12-17 18:46:37 INFO  [main]: Поиск записи по дате рождения: 
repositories.PRepository@57fa26b7
2018-12-17 18:48:20 INFO  [main]: Сортировка данных по ФИО
2018-12-17 18:48:20 INFO  [main]: Сортировка данных по возрасту
2018-12-17 18:50:08 INFO  [main]: Сортировка данных по ФИО
2018-12-17 18:50:08 INFO  [main]: Сортировка данных по возрасту
2018-12-17 18:51:07 INFO  [main]: Сортировка данных по ФИО
2018-12-17 18:51:07 INFO  [main]: Сортировка данных по возрасту
2018-12-17 18:51:23 INFO  [main]: Сортировка данных по ФИО
2018-12-17 18:51:23 INFO  [main]: Сортировка данных по возрасту
2018-12-17 19:14:40 INFO  [main]: Были добавлены 3 записи. Размер массива = 6
2018-12-17 19:14:40 INFO  [main]: Сортировка данных по ФИО
2018-12-17 19:14:40 INFO  [main]: Сортировка данных по возрасту
2018-12-17 19:15:12 INFO  [main]: Были добавлены 3 записи. Размер массива = 6
2018-12-17 19:15:12 INFO  [main]: Сортировка данных по ФИО
2018-12-17 19:15:12 INFO  [main]: Сортировка данных по возрасту
2018-12-17 19:15:33 INFO  [main]: Были добавлены 3 записи. Размер массива = 6
2018-12-17 19:15:33 INFO  [main]: Сортировка данных по ФИО
2018-12-17 19:15:33 INFO  [main]: Сортировка данных по возрасту
2018-12-17 19:16:42 INFO  [main]: Были добавлены 3 записи. Размер массива = 3
2018-12-17 19:16:42 INFO  [main]: Сортировка данных по ФИО
2018-12-17 19:16:42 INFO  [main]: Сортировка данных по возрасту
2018-12-17 19:17:30 INFO  [main]: Были добавлены 3 записи. Размер массива = 3
2018-12-17 19:17:30 INFO  [main]: Сортировка данных по ФИО
2018-12-17 19:17:30 INFO  [main]: Сортировка данных по возрасту
2018-12-17 19:18:39 INFO  [main]: Были добавлены 3 записи. Размер массива = 3
2018-12-17 19:18:40 INFO  [main]: Сортировка данных по ФИО
2018-12-17 19:18:40 INFO  [main]: Сортировка данных по возрасту
2018-12-17 19:19:02 INFO  [main]: Были добавлены 3 записи. Размер массива = 3
2018-12-17 19:19:02 INFO  [main]: Сортировка данных по ФИО
2018-12-17 19:19:02 INFO  [main]: Сортировка данных по возрасту
2018-12-17 19:20:19 INFO  [main]: Были добавлены 3 записи. Размер массива = 3
2018-12-17 19:20:19 INFO  [main]: Сортировка данных по ФИО
2018-12-17 19:20:19 INFO  [main]: Сортировка данных по возрасту
2018-12-17 19:20:49 INFO  [main]: Были добавлены 3 записи. Размер массива = 3
2018-12-17 19:20:49 INFO  [main]: Сортировка данных по ФИО
2018-12-17 19:20:49 INFO  [main]: Сортировка данных по возрасту
2018-12-17 19:21:49 INFO  [main]: Были добавлены 3 записи. Размер массива = 3
2018-12-17 19:21:49 INFO  [main]: Сортировка данных по ФИО
2018-12-17 19:21:49 INFO  [main]: Сортировка данных по возрасту
2018-12-17 19:24:42 INFO  [main]: Были добавлены 3 записи. Размер массива = 3
2018-12-17 19:24:42 INFO  [main]: Сортировка данных по ФИО
2018-12-17 19:24:42 INFO  [main]: Сортировка данных по возрасту
2018-12-17 19:25:17 INFO  [main]: Были добавлены 3 записи. Размер массива = 3
2018-12-17 19:25:17 INFO  [main]: Сортировка данных по ФИО
2018-12-17 19:25:17 INFO  [main]: Сортировка данных по возрасту
2018-12-17 19:30:06 INFO  [main]: Были добавлены 3 записи. Размер массива = 3
2018-12-17 19:30:06 INFO  [main]: Сортировка данных по ФИО
2018-12-17 19:30:06 INFO  [main]: Сортировка данных по возрасту
2018-12-17 19:30:40 INFO  [main]: Были добавлены 3 записи. Размер массива = 3
2018-12-17 19:30:40 INFO  [main]: Сортировка данных по ФИО
2018-12-17 19:30:40 INFO  [main]: Сортировка данных по возрасту
2018-12-17 19:34:16 INFO  [main]: Были добавлены 3 записи. Размер массива = 3
2018-12-17 19:34:16 INFO  [main]: Сортировка данных по ФИО
2018-12-17 19:34:16 INFO  [main]: Сортировка данных по возрасту
2018-12-17 19:34:50 INFO  [main]: Были добавлены 3 записи. Размер массива = 3
2018-12-17 19:34:50 INFO  [main]: Сортировка данных по ФИО
2018-12-17 19:34:50 INFO  [main]: Сортировка данных по возрасту
2018-12-17 19:35:09 INFO  [main]: Были добавлены 3 записи. Размер массива = 3
2018-12-17 19:35:09 INFO  [main]: Сортировка данных по ФИО
2018-12-17 19:35:09 INFO  [main]: Сортировка данных по возрасту
2018-12-17 19:40:38 INFO  [main]: Были добавлены 3 записи. Размер массива = 3
2018-12-17 19:40:38 INFO  [main]: Сортировка данных по ФИО
2018-12-17 19:40:38 INFO  [main]: Сортировка данных по возрасту
2018-12-17 19:41:40 INFO  [main]: Были добавлены 3 записи. Размер массива = 3
2018-12-17 19:41:40 INFO  [main]: Сортировка данных по ФИО
2018-12-17 19:41:40 INFO  [main]: Сортировка данных по возрасту
2018-12-17 19:45:56 INFO  [main]: Были добавлены 3 записи. Размер массива = 3
2018-12-17 19:45:57 INFO  [main]: Сортировка данных по ФИО
2018-12-17 19:45:57 INFO  [main]: Сортировка данных по возрасту
2018-12-17 19:53:21 INFO  [main]: Были добавлены 3 записи. Размер массива = 3
2018-12-17 19:53:21 INFO  [main]: Сортировка данных по ФИО
2018-12-17 19:53:21 INFO  [main]: Сортировка данных по возрасту
2018-12-17 19:55:31 INFO  [main]: Были добавлены 3 записи. Размер массива = 3
2018-12-17 19:55:31 INFO  [main]: Сортировка данных по ФИО
2018-12-17 19:55:31 INFO  [main]: Сортировка данных по возрасту
2018-12-17 20:08:03 INFO  [main]: Были добавлены 3 записи. Размер массива = 3
2018-12-17 20:11:33 INFO  [main]: Были добавлены 3 записи. Размер массива = 3
2018-12-17 20:11:33 INFO  [main]: Сортировка данных по ФИО
2018-12-17 20:11:33 INFO  [main]: Сортировка данных по возрасту
2018-12-21 16:02:29 INFO  [main]: Были добавлены 3 записи. Размер массива = 3
2018-12-21 16:02:29 INFO  [main]: Сортировка данных по ФИО
2018-12-21 16:02:29 INFO  [main]: Сортировка данных по возрасту
2018-12-21 16:03:53 INFO  [main]: Были добавлены 3 записи. Размер массива = 3
2018-12-21 16:03:53 INFO  [main]: Сортировка данных по ФИО
2018-12-21 16:03:53 INFO  [main]: Сортировка данных по возрасту
2018-12-21 16:17:06 INFO  [main]: Были добавлены 3 записи. Размер массива = 3
2018-12-21 16:17:06 INFO  [main]: Сортировка данных по ФИО
2018-12-21 16:17:06 INFO  [main]: Сортировка данных по возрасту
2018-12-21 16:17:24 INFO  [main]: Были добавлены 3 записи. Размер массива = 3
2018-12-21 16:17:41 INFO  [main]: Были добавлены 3 записи. Размер массива = 3
2018-12-21 16:17:41 INFO  [main]: Сортировка данных по ФИО
2018-12-21 16:17:41 INFO  [main]: Сортировка данных по возрасту
2018-12-21 16:21:54 INFO  [main]: Были добавлены 3 записи. Размер массива = 3
2018-12-21 16:21:54 INFO  [main]: Сортировка данных по ФИО
2018-12-21 16:21:54 INFO  [main]: Сортировка данных по возрасту
2018-12-21 16:22:34 INFO  [main]: Были добавлены 3 записи. Размер массива = 3
2018-12-21 16:22:34 INFO  [main]: Сортировка данных по ФИО
2018-12-21 16:22:34 INFO  [main]: Сортировка данных по возрасту
2018-12-21 16:34:31 INFO  [main]: Были добавлены 3 записи. Размер массива = 3
2018-12-21 16:34:31 INFO  [main]: Сортировка данных по ФИО
2018-12-21 16:34:31 INFO  [main]: Сортировка данных по возрасту
2018-12-21 16:35:24 INFO  [main]: Были добавлены 3 записи. Размер массива = 3
2018-12-21 16:35:24 INFO  [main]: Сортировка данных по ФИО
2018-12-21 16:35:24 INFO  [main]: Сортировка данных по возрасту
2018-12-21 16:48:04 INFO  [main]: Были добавлены 3 записи. Размер массива = 3
2018-12-21 16:48:04 INFO  [main]: Сортировка данных по ФИО
2018-12-21 16:48:04 INFO  [main]: Сортировка данных по возрасту
2018-12-21 16:48:31 INFO  [main]: Были добавлены 3 записи. Размер массива = 3
2018-12-21 16:48:31 INFO  [main]: Сортировка данных по ФИО
2018-12-21 16:48:31 INFO  [main]: Сортировка данных по возрасту
2018-12-21 16:49:08 INFO  [main]: Были добавлены 3 записи. Размер массива = 3
2018-12-21 16:49:08 INFO  [main]: Сортировка данных по ФИО
2018-12-21 16:49:08 INFO  [main]: Сортировка данных по возрасту
2018-12-21 16:50:01 INFO  [main]: Были добавлены 3 записи. Размер массива = 3
2018-12-21 16:50:01 INFO  [main]: Сортировка данных по ФИО
2018-12-21 16:50:01 INFO  [main]: Сортировка данных по возрасту
2018-12-21 16:51:10 INFO  [main]: Были добавлены 3 записи. Размер массива = 3
2018-12-21 16:51:10 INFO  [main]: Сортировка данных по ФИО
2018-12-21 16:51:10 INFO  [main]: Сортировка данных по возрасту
2018-12-21 16:51:24 INFO  [main]: Были добавлены 3 записи. Размер массива = 3
2018-12-21 16:51:24 INFO  [main]: Сортировка данных по ФИО
2018-12-21 16:51:24 INFO  [main]: Сортировка данных по возрасту
